# smoke 10x started 2026-02-21T07:56:49.312234+00:00
# API_BASE_URL=http://127.0.0.1:8001

SMOKE_10X_FAIL: set CUSTOMER_EMAIL and CUSTOMER_PASSWORD

SMOKE_10X_FAIL: set CUSTOMER_EMAIL and CUSTOMER_PASSWORD

SMOKE_10X_FAIL: set CUSTOMER_EMAIL and CUSTOMER_PASSWORD

SMOKE_10X_FAIL: set CUSTOMER_EMAIL and CUSTOMER_PASSWORD

SMOKE_10X_FAIL: set CUSTOMER_EMAIL and CUSTOMER_PASSWORD

SMOKE_10X_FAIL: set CUSTOMER_EMAIL and CUSTOMER_PASSWORD

SMOKE_10X_FAIL: set CUSTOMER_EMAIL and CUSTOMER_PASSWORD

SMOKE_10X_FAIL: set CUSTOMER_EMAIL and CUSTOMER_PASSWORD

SMOKE_10X_FAIL: set CUSTOMER_EMAIL and CUSTOMER_PASSWORD

SMOKE_10X_FAIL: set CUSTOMER_EMAIL and CUSTOMER_PASSWORD

# finished 2026-02-21T07:56:50.408865+00:00
SMOKE_10X_FAIL
  attempt_1: SMOKE_10X_FAIL: set CUSTOMER_EMAIL and CUSTOMER_PASSWORD
  attempt_2: SMOKE_10X_FAIL: set CUSTOMER_EMAIL and CUSTOMER_PASSWORD
  attempt_3: SMOKE_10X_FAIL: set CUSTOMER_EMAIL and CUSTOMER_PASSWORD
  attempt_4: SMOKE_10X_FAIL: set CUSTOMER_EMAIL and CUSTOMER_PASSWORD
  attempt_5: SMOKE_10X_FAIL: set CUSTOMER_EMAIL and CUSTOMER_PASSWORD
  attempt_6: SMOKE_10X_FAIL: set CUSTOMER_EMAIL and CUSTOMER_PASSWORD
  attempt_7: SMOKE_10X_FAIL: set CUSTOMER_EMAIL and CUSTOMER_PASSWORD
  attempt_8: SMOKE_10X_FAIL: set CUSTOMER_EMAIL and CUSTOMER_PASSWORD
  attempt_9: SMOKE_10X_FAIL: set CUSTOMER_EMAIL and CUSTOMER_PASSWORD
  attempt_10: SMOKE_10X_FAIL: set CUSTOMER_EMAIL and CUSTOMER_PASSWORD